============================= test session starts ==============================
platform darwin -- Python 3.9.6, pytest-8.4.2, pluggy-1.6.0 -- /Library/Developer/CommandLineTools/usr/bin/python3
cachedir: .pytest_cache
rootdir: /Users/mk/Downloads/blender-remote-gpu
plugins: anyio-4.12.1
collecting ... collected 20 items

tests/test_addon.py::TestConnectionInitialization::test_connection_creates_with_url PASSED [  5%]
tests/test_addon.py::TestConnectionInitialization::test_connection_queue_initialization PASSED [ 10%]
tests/test_addon.py::TestConnectionMessaging::test_recv_returns_message_when_available PASSED [ 15%]
tests/test_addon.py::TestConnectionMessaging::test_recv_returns_none_when_empty PASSED [ 20%]
tests/test_addon.py::TestConnectionMessaging::test_send_binary_queues_message PASSED [ 25%]
tests/test_addon.py::TestConnectionMessaging::test_send_json_queues_message PASSED [ 30%]
tests/test_addon.py::TestConnectionTimeout::test_timeout_handling_waits_duration PASSED [ 35%]
tests/test_addon.py::TestConnectionQueueing::test_fifo_queue_order PASSED [ 40%]
tests/test_addon.py::TestConnectionQueueing::test_separate_send_queue_handles_both PASSED [ 45%]
tests/test_addon.py::TestLoggingSystem::test_json_log_format PASSED      [ 50%]
tests/test_addon.py::TestLoggingSystem::test_log_export PASSED           [ 55%]
tests/test_addon.py::TestLoggingSystem::test_log_severity_levels PASSED  [ 60%]
tests/test_addon.py::TestLoggingSystem::test_logger_creation PASSED      [ 65%]
tests/test_addon.py::TestTelemetry::test_telemetry_export PASSED         [ 70%]
tests/test_addon.py::TestTelemetry::test_telemetry_initialization PASSED [ 75%]
tests/test_addon.py::TestTelemetry::test_telemetry_records_connection PASSED [ 80%]
tests/test_addon.py::TestConnectionIntegration::test_message_send_receive_cycle PASSED [ 85%]
tests/test_addon.py::TestDiagnosticsBasic::test_connectivity_diagnostics_import PASSED [ 90%]
tests/test_addon.py::TestDiagnosticsBasic::test_diagnostic_reporter_creation PASSED [ 95%]
tests/test_addon.py::TestDiagnosticsBasic::test_server_health_check_import PASSED [100%]

============================== 20 passed in 0.10s ==============================
